{"D:\\Coding Hub\\CODEV ASSESMENT\\product-gallery\\postcss.config.js": {"path":"D:\\Coding Hub\\CODEV ASSESMENT\\product-gallery\\postcss.config.js","all":true,"statementMap":{"0":{"start":{"line":1,"column":0},"end":{"line":1,"column":16}},"1":{"start":{"line":2,"column":0},"end":{"line":2,"column":12}},"2":{"start":{"line":3,"column":0},"end":{"line":3,"column":20}},"3":{"start":{"line":4,"column":0},"end":{"line":4,"column":21}},"4":{"start":{"line":5,"column":0},"end":{"line":5,"column":4}},"5":{"start":{"line":6,"column":0},"end":{"line":6,"column":2}}},"s":{"0":0,"1":0,"2":0,"3":0,"4":0,"5":0},"branchMap":{"0":{"type":"branch","line":1,"loc":{"start":{"line":1,"column":0},"end":{"line":6,"column":2}},"locations":[{"start":{"line":1,"column":0},"end":{"line":6,"column":2}}]}},"b":{"0":[0]},"fnMap":{"0":{"name":"(empty-report)","decl":{"start":{"line":1,"column":0},"end":{"line":6,"column":2}},"loc":{"start":{"line":1,"column":0},"end":{"line":6,"column":2}},"line":1}},"f":{"0":0}}
,"D:\\Coding Hub\\CODEV ASSESMENT\\product-gallery\\tailwind.config.js": {"path":"D:\\Coding Hub\\CODEV ASSESMENT\\product-gallery\\tailwind.config.js","all":true,"statementMap":{"0":{"start":{"line":1,"column":0},"end":{"line":1,"column":43}},"1":{"start":{"line":2,"column":0},"end":{"line":2,"column":16}},"2":{"start":{"line":3,"column":0},"end":{"line":3,"column":12}},"3":{"start":{"line":4,"column":0},"end":{"line":4,"column":19}},"4":{"start":{"line":5,"column":0},"end":{"line":5,"column":37}},"5":{"start":{"line":6,"column":0},"end":{"line":6,"column":4}},"6":{"start":{"line":7,"column":0},"end":{"line":7,"column":10}},"7":{"start":{"line":8,"column":0},"end":{"line":8,"column":15}},"8":{"start":{"line":9,"column":0},"end":{"line":9,"column":4}},"9":{"start":{"line":10,"column":0},"end":{"line":10,"column":14}},"10":{"start":{"line":11,"column":0},"end":{"line":11,"column":2}}},"s":{"0":0,"1":0,"2":0,"3":0,"4":0,"5":0,"6":0,"7":0,"8":0,"9":0,"10":0},"branchMap":{"0":{"type":"branch","line":1,"loc":{"start":{"line":1,"column":0},"end":{"line":11,"column":2}},"locations":[{"start":{"line":1,"column":0},"end":{"line":11,"column":2}}]}},"b":{"0":[0]},"fnMap":{"0":{"name":"(empty-report)","decl":{"start":{"line":1,"column":0},"end":{"line":11,"column":2}},"loc":{"start":{"line":1,"column":0},"end":{"line":11,"column":2}},"line":1}},"f":{"0":0}}
,"D:\\Coding Hub\\CODEV ASSESMENT\\product-gallery\\src\\App.vue": {"path":"D:\\Coding Hub\\CODEV ASSESMENT\\product-gallery\\src\\App.vue","all":true,"statementMap":{"0":{"start":{"line":1,"column":0},"end":{"line":1,"column":10}},"1":{"start":{"line":2,"column":0},"end":{"line":2,"column":52}},"2":{"start":{"line":3,"column":0},"end":{"line":3,"column":64}},"3":{"start":{"line":4,"column":0},"end":{"line":4,"column":22}},"4":{"start":{"line":5,"column":0},"end":{"line":5,"column":9}},"5":{"start":{"line":6,"column":0},"end":{"line":6,"column":12}},"6":{"start":{"line":7,"column":0},"end":{"line":7,"column":0}},"7":{"start":{"line":8,"column":0},"end":{"line":8,"column":24}},"8":{"start":{"line":9,"column":0},"end":{"line":9,"column":61}},"9":{"start":{"line":10,"column":0},"end":{"line":10,"column":9}}},"s":{"0":0,"1":0,"2":0,"3":0,"4":0,"5":0,"6":0,"7":0,"8":0,"9":0},"branchMap":{"0":{"type":"branch","line":1,"loc":{"start":{"line":1,"column":0},"end":{"line":10,"column":9}},"locations":[{"start":{"line":1,"column":0},"end":{"line":10,"column":9}}]}},"b":{"0":[0]},"fnMap":{"0":{"name":"(empty-report)","decl":{"start":{"line":1,"column":0},"end":{"line":10,"column":9}},"loc":{"start":{"line":1,"column":0},"end":{"line":10,"column":9}},"line":1}},"f":{"0":0}}
,"D:\\Coding Hub\\CODEV ASSESMENT\\product-gallery\\src\\fakeApi.ts": {"path":"D:\\Coding Hub\\CODEV ASSESMENT\\product-gallery\\src\\fakeApi.ts","all":false,"statementMap":{"8":{"start":{"line":9,"column":0},"end":{"line":9,"column":25}},"9":{"start":{"line":10,"column":0},"end":{"line":10,"column":89}},"10":{"start":{"line":11,"column":0},"end":{"line":11,"column":84}},"11":{"start":{"line":12,"column":0},"end":{"line":12,"column":97}},"12":{"start":{"line":13,"column":0},"end":{"line":13,"column":92}},"13":{"start":{"line":14,"column":0},"end":{"line":14,"column":91}},"14":{"start":{"line":15,"column":0},"end":{"line":15,"column":2}},"17":{"start":{"line":18,"column":0},"end":{"line":18,"column":78}},"19":{"start":{"line":20,"column":0},"end":{"line":20,"column":67}},"21":{"start":{"line":22,"column":0},"end":{"line":22,"column":44}},"23":{"start":{"line":24,"column":0},"end":{"line":24,"column":24}},"24":{"start":{"line":25,"column":0},"end":{"line":25,"column":21}},"25":{"start":{"line":26,"column":0},"end":{"line":26,"column":63}},"27":{"start":{"line":28,"column":0},"end":{"line":28,"column":16}},"28":{"start":{"line":29,"column":0},"end":{"line":29,"column":1}}},"s":{"8":1,"9":1,"10":1,"11":1,"12":1,"13":1,"14":1,"17":1,"19":1,"21":0,"23":0,"24":0,"25":0,"27":0,"28":0},"branchMap":{},"b":{},"fnMap":{"0":{"name":"delay","decl":{"start":{"line":18,"column":14},"end":{"line":18,"column":78}},"loc":{"start":{"line":18,"column":14},"end":{"line":18,"column":78}},"line":18},"1":{"name":"fetchProducts","decl":{"start":{"line":22,"column":0},"end":{"line":29,"column":1}},"loc":{"start":{"line":22,"column":0},"end":{"line":29,"column":1}},"line":22}},"f":{"0":0,"1":0}}
,"D:\\Coding Hub\\CODEV ASSESMENT\\product-gallery\\src\\main.ts": {"path":"D:\\Coding Hub\\CODEV ASSESMENT\\product-gallery\\src\\main.ts","all":true,"statementMap":{"0":{"start":{"line":1,"column":0},"end":{"line":1,"column":32}},"1":{"start":{"line":2,"column":0},"end":{"line":2,"column":28}},"2":{"start":{"line":3,"column":0},"end":{"line":3,"column":21}},"3":{"start":{"line":4,"column":0},"end":{"line":4,"column":73}},"4":{"start":{"line":5,"column":0},"end":{"line":5,"column":38}},"5":{"start":{"line":6,"column":0},"end":{"line":6,"column":0}},"6":{"start":{"line":7,"column":0},"end":{"line":7,"column":19}},"7":{"start":{"line":8,"column":0},"end":{"line":8,"column":17}},"8":{"start":{"line":9,"column":0},"end":{"line":9,"column":5}},"9":{"start":{"line":10,"column":0},"end":{"line":10,"column":24}},"10":{"start":{"line":11,"column":0},"end":{"line":11,"column":31}},"11":{"start":{"line":12,"column":0},"end":{"line":12,"column":16}}},"s":{"0":0,"1":0,"2":0,"3":0,"4":0,"5":0,"6":0,"7":0,"8":0,"9":0,"10":0,"11":0},"branchMap":{"0":{"type":"branch","line":1,"loc":{"start":{"line":1,"column":0},"end":{"line":12,"column":16}},"locations":[{"start":{"line":1,"column":0},"end":{"line":12,"column":16}}]}},"b":{"0":[0]},"fnMap":{"0":{"name":"(empty-report)","decl":{"start":{"line":1,"column":0},"end":{"line":12,"column":16}},"loc":{"start":{"line":1,"column":0},"end":{"line":12,"column":16}},"line":1}},"f":{"0":0}}
,"D:\\Coding Hub\\CODEV ASSESMENT\\product-gallery\\src\\components\\Category.vue": {"path":"D:\\Coding Hub\\CODEV ASSESMENT\\product-gallery\\src\\components\\Category.vue","all":false,"statementMap":{"0":{"start":{"line":1,"column":0},"end":{"line":1,"column":24}},"1":{"start":{"line":2,"column":0},"end":{"line":2,"column":40}},"3":{"start":{"line":4,"column":0},"end":{"line":4,"column":49}},"7":{"start":{"line":8,"column":0},"end":{"line":8,"column":37}},"8":{"start":{"line":9,"column":0},"end":{"line":9,"column":65}},"9":{"start":{"line":10,"column":0},"end":{"line":10,"column":50}},"10":{"start":{"line":11,"column":0},"end":{"line":11,"column":137}},"11":{"start":{"line":12,"column":0},"end":{"line":12,"column":95}},"12":{"start":{"line":13,"column":0},"end":{"line":13,"column":21}},"13":{"start":{"line":14,"column":0},"end":{"line":14,"column":15}},"14":{"start":{"line":15,"column":0},"end":{"line":15,"column":10}}},"s":{"0":1,"1":1,"3":1,"7":1,"8":1,"9":1,"10":1,"11":1,"12":1,"13":1,"14":1},"branchMap":{},"b":{},"fnMap":{"0":{"name":"onClick","decl":{"start":{"line":12,"column":71},"end":{"line":12,"column":95}},"loc":{"start":{"line":12,"column":71},"end":{"line":12,"column":95}},"line":12}},"f":{"0":0}}
,"D:\\Coding Hub\\CODEV ASSESMENT\\product-gallery\\src\\components\\ProductGallery.vue": {"path":"D:\\Coding Hub\\CODEV ASSESMENT\\product-gallery\\src\\components\\ProductGallery.vue","all":false,"statementMap":{"0":{"start":{"line":1,"column":0},"end":{"line":1,"column":24}},"1":{"start":{"line":2,"column":0},"end":{"line":2,"column":43}},"5":{"start":{"line":6,"column":0},"end":{"line":6,"column":38}},"6":{"start":{"line":7,"column":0},"end":{"line":7,"column":40}},"7":{"start":{"line":8,"column":0},"end":{"line":8,"column":44}},"8":{"start":{"line":9,"column":0},"end":{"line":9,"column":58}},"11":{"start":{"line":12,"column":0},"end":{"line":12,"column":56}},"13":{"start":{"line":14,"column":0},"end":{"line":14,"column":7}},"14":{"start":{"line":15,"column":0},"end":{"line":15,"column":22}},"15":{"start":{"line":16,"column":0},"end":{"line":16,"column":23}},"16":{"start":{"line":17,"column":0},"end":{"line":17,"column":10}},"17":{"start":{"line":18,"column":0},"end":{"line":18,"column":11}},"18":{"start":{"line":19,"column":0},"end":{"line":19,"column":39}},"19":{"start":{"line":20,"column":0},"end":{"line":20,"column":55}},"21":{"start":{"line":22,"column":0},"end":{"line":22,"column":42}},"22":{"start":{"line":23,"column":0},"end":{"line":23,"column":14}},"23":{"start":{"line":24,"column":0},"end":{"line":24,"column":24}},"24":{"start":{"line":25,"column":0},"end":{"line":25,"column":25}},"25":{"start":{"line":26,"column":0},"end":{"line":26,"column":1}},"28":{"start":{"line":29,"column":0},"end":{"line":29,"column":35}},"29":{"start":{"line":30,"column":0},"end":{"line":30,"column":36}},"30":{"start":{"line":31,"column":0},"end":{"line":31,"column":40}},"33":{"start":{"line":34,"column":0},"end":{"line":34,"column":35}},"34":{"start":{"line":35,"column":0},"end":{"line":35,"column":36}},"35":{"start":{"line":36,"column":0},"end":{"line":36,"column":27}},"36":{"start":{"line":37,"column":0},"end":{"line":37,"column":26}},"37":{"start":{"line":38,"column":0},"end":{"line":38,"column":3}},"40":{"start":{"line":41,"column":0},"end":{"line":41,"column":52}},"41":{"start":{"line":42,"column":0},"end":{"line":42,"column":38}},"43":{"start":{"line":44,"column":0},"end":{"line":44,"column":57}},"45":{"start":{"line":46,"column":0},"end":{"line":46,"column":32}},"46":{"start":{"line":47,"column":0},"end":{"line":47,"column":59}},"47":{"start":{"line":48,"column":0},"end":{"line":48,"column":99}},"49":{"start":{"line":50,"column":0},"end":{"line":50,"column":38}},"50":{"start":{"line":51,"column":0},"end":{"line":51,"column":73}},"51":{"start":{"line":52,"column":0},"end":{"line":52,"column":6}},"53":{"start":{"line":54,"column":0},"end":{"line":54,"column":16}},"54":{"start":{"line":55,"column":0},"end":{"line":55,"column":3}},"55":{"start":{"line":56,"column":0},"end":{"line":56,"column":51}},"56":{"start":{"line":57,"column":0},"end":{"line":57,"column":63}},"57":{"start":{"line":58,"column":0},"end":{"line":58,"column":43}},"58":{"start":{"line":59,"column":0},"end":{"line":59,"column":52}},"59":{"start":{"line":60,"column":0},"end":{"line":60,"column":3}},"60":{"start":{"line":61,"column":0},"end":{"line":61,"column":33}},"61":{"start":{"line":62,"column":0},"end":{"line":62,"column":65}},"62":{"start":{"line":63,"column":0},"end":{"line":63,"column":2}},"64":{"start":{"line":65,"column":0},"end":{"line":65,"column":73}},"65":{"start":{"line":66,"column":0},"end":{"line":66,"column":58}},"68":{"start":{"line":69,"column":0},"end":{"line":69,"column":48}},"69":{"start":{"line":70,"column":0},"end":{"line":70,"column":26}},"70":{"start":{"line":71,"column":0},"end":{"line":71,"column":3}},"72":{"start":{"line":73,"column":0},"end":{"line":73,"column":21}},"73":{"start":{"line":74,"column":0},"end":{"line":74,"column":28}},"74":{"start":{"line":75,"column":0},"end":{"line":75,"column":28}},"75":{"start":{"line":76,"column":0},"end":{"line":76,"column":5}},"76":{"start":{"line":77,"column":0},"end":{"line":77,"column":1}},"78":{"start":{"line":79,"column":0},"end":{"line":79,"column":21}},"79":{"start":{"line":80,"column":0},"end":{"line":80,"column":28}},"80":{"start":{"line":81,"column":0},"end":{"line":81,"column":28}},"81":{"start":{"line":82,"column":0},"end":{"line":82,"column":5}},"82":{"start":{"line":83,"column":0},"end":{"line":83,"column":1}},"85":{"start":{"line":86,"column":0},"end":{"line":86,"column":18}},"86":{"start":{"line":87,"column":0},"end":{"line":87,"column":14}},"87":{"start":{"line":88,"column":0},"end":{"line":88,"column":1}},"92":{"start":{"line":93,"column":0},"end":{"line":93,"column":13}},"93":{"start":{"line":94,"column":0},"end":{"line":94,"column":24}},"94":{"start":{"line":95,"column":0},"end":{"line":95,"column":57}},"95":{"start":{"line":96,"column":0},"end":{"line":96,"column":17}},"96":{"start":{"line":97,"column":0},"end":{"line":97,"column":86}},"97":{"start":{"line":98,"column":0},"end":{"line":98,"column":100}},"98":{"start":{"line":99,"column":0},"end":{"line":99,"column":87}},"99":{"start":{"line":100,"column":0},"end":{"line":100,"column":59}},"100":{"start":{"line":101,"column":0},"end":{"line":101,"column":18}},"102":{"start":{"line":103,"column":0},"end":{"line":103,"column":17}},"103":{"start":{"line":104,"column":0},"end":{"line":104,"column":83}},"104":{"start":{"line":105,"column":0},"end":{"line":105,"column":107}},"105":{"start":{"line":106,"column":0},"end":{"line":106,"column":56}},"106":{"start":{"line":107,"column":0},"end":{"line":107,"column":59}},"107":{"start":{"line":108,"column":0},"end":{"line":108,"column":60}},"108":{"start":{"line":109,"column":0},"end":{"line":109,"column":25}},"109":{"start":{"line":110,"column":0},"end":{"line":110,"column":18}},"110":{"start":{"line":111,"column":0},"end":{"line":111,"column":14}},"112":{"start":{"line":113,"column":0},"end":{"line":113,"column":51}},"113":{"start":{"line":114,"column":0},"end":{"line":114,"column":36}},"114":{"start":{"line":115,"column":0},"end":{"line":115,"column":52}},"116":{"start":{"line":117,"column":0},"end":{"line":117,"column":31}},"117":{"start":{"line":118,"column":0},"end":{"line":118,"column":43}},"118":{"start":{"line":119,"column":0},"end":{"line":119,"column":14}},"120":{"start":{"line":121,"column":0},"end":{"line":121,"column":111}},"122":{"start":{"line":123,"column":0},"end":{"line":123,"column":76}},"123":{"start":{"line":124,"column":0},"end":{"line":124,"column":43}},"124":{"start":{"line":125,"column":0},"end":{"line":125,"column":70}},"125":{"start":{"line":126,"column":0},"end":{"line":126,"column":71}},"126":{"start":{"line":127,"column":0},"end":{"line":127,"column":14}},"128":{"start":{"line":129,"column":0},"end":{"line":129,"column":33}},"129":{"start":{"line":130,"column":0},"end":{"line":130,"column":110}},"131":{"start":{"line":132,"column":0},"end":{"line":132,"column":36}},"132":{"start":{"line":133,"column":0},"end":{"line":133,"column":24}},"133":{"start":{"line":134,"column":0},"end":{"line":134,"column":73}},"134":{"start":{"line":135,"column":0},"end":{"line":135,"column":18}},"136":{"start":{"line":137,"column":0},"end":{"line":137,"column":31}},"137":{"start":{"line":138,"column":0},"end":{"line":138,"column":65}},"138":{"start":{"line":139,"column":0},"end":{"line":139,"column":21}},"139":{"start":{"line":140,"column":0},"end":{"line":140,"column":83}},"140":{"start":{"line":141,"column":0},"end":{"line":141,"column":68}},"141":{"start":{"line":142,"column":0},"end":{"line":142,"column":78}},"142":{"start":{"line":143,"column":0},"end":{"line":143,"column":53}},"143":{"start":{"line":144,"column":0},"end":{"line":144,"column":53}},"144":{"start":{"line":145,"column":0},"end":{"line":145,"column":55}},"145":{"start":{"line":146,"column":0},"end":{"line":146,"column":55}},"146":{"start":{"line":147,"column":0},"end":{"line":147,"column":29}},"147":{"start":{"line":148,"column":0},"end":{"line":148,"column":22}},"148":{"start":{"line":149,"column":0},"end":{"line":149,"column":119}},"149":{"start":{"line":150,"column":0},"end":{"line":150,"column":218}},"151":{"start":{"line":152,"column":0},"end":{"line":152,"column":29}},"152":{"start":{"line":153,"column":0},"end":{"line":153,"column":68}},"153":{"start":{"line":154,"column":0},"end":{"line":154,"column":104}},"154":{"start":{"line":155,"column":0},"end":{"line":155,"column":27}},"155":{"start":{"line":156,"column":0},"end":{"line":156,"column":218}},"157":{"start":{"line":158,"column":0},"end":{"line":158,"column":29}},"158":{"start":{"line":159,"column":0},"end":{"line":159,"column":22}},"159":{"start":{"line":160,"column":0},"end":{"line":160,"column":18}},"160":{"start":{"line":161,"column":0},"end":{"line":161,"column":14}},"161":{"start":{"line":162,"column":0},"end":{"line":162,"column":14}}},"s":{"0":1,"1":1,"5":1,"6":1,"7":1,"8":1,"11":1,"13":1,"14":1,"15":1,"16":1,"17":1,"18":1,"19":1,"21":1,"22":1,"23":1,"24":1,"25":1,"28":1,"29":1,"30":1,"33":1,"34":1,"35":1,"36":0,"37":1,"40":1,"41":8,"43":8,"45":8,"46":8,"47":8,"49":8,"50":48,"51":8,"53":8,"54":1,"55":1,"56":8,"57":8,"58":8,"59":1,"60":1,"61":6,"62":1,"64":1,"65":1,"68":1,"69":3,"70":1,"72":0,"73":0,"74":0,"75":0,"76":0,"78":0,"79":0,"80":0,"81":0,"82":0,"85":1,"86":1,"87":1,"92":1,"93":1,"94":1,"95":1,"96":1,"97":1,"98":1,"99":1,"100":1,"102":1,"103":1,"104":1,"105":1,"106":1,"107":1,"108":1,"109":1,"110":1,"112":1,"113":1,"114":1,"116":1,"117":1,"118":1,"120":1,"122":1,"123":1,"124":1,"125":1,"126":1,"128":1,"129":1,"131":1,"132":1,"133":1,"134":1,"136":1,"137":1,"138":1,"139":1,"140":1,"141":1,"142":1,"143":1,"144":1,"145":1,"146":1,"147":1,"148":1,"149":6,"151":6,"152":6,"153":6,"154":6,"155":6,"157":6,"158":1,"159":1,"160":1,"161":1},"branchMap":{"0":{"type":"branch","line":20,"loc":{"start":{"line":20,"column":30},"end":{"line":20,"column":53}},"locations":[{"start":{"line":20,"column":30},"end":{"line":20,"column":53}}]},"1":{"type":"branch","line":20,"loc":{"start":{"line":20,"column":42},"end":{"line":20,"column":53}},"locations":[{"start":{"line":20,"column":42},"end":{"line":20,"column":53}}]},"2":{"type":"branch","line":41,"loc":{"start":{"line":41,"column":45},"end":{"line":55,"column":1}},"locations":[{"start":{"line":41,"column":45},"end":{"line":55,"column":1}}]},"3":{"type":"branch","line":42,"loc":{"start":{"line":42,"column":28},"end":{"line":42,"column":38}},"locations":[{"start":{"line":42,"column":28},"end":{"line":42,"column":38}}]},"4":{"type":"branch","line":47,"loc":{"start":{"line":47,"column":16},"end":{"line":47,"column":58}},"locations":[{"start":{"line":47,"column":16},"end":{"line":47,"column":58}}]},"5":{"type":"branch","line":48,"loc":{"start":{"line":48,"column":16},"end":{"line":48,"column":97}},"locations":[{"start":{"line":48,"column":16},"end":{"line":48,"column":97}}]},"6":{"type":"branch","line":48,"loc":{"start":{"line":48,"column":59},"end":{"line":48,"column":97}},"locations":[{"start":{"line":48,"column":59},"end":{"line":48,"column":97}}]},"7":{"type":"branch","line":50,"loc":{"start":{"line":50,"column":29},"end":{"line":51,"column":73}},"locations":[{"start":{"line":50,"column":29},"end":{"line":51,"column":73}}]},"8":{"type":"branch","line":51,"loc":{"start":{"line":51,"column":28},"end":{"line":51,"column":56}},"locations":[{"start":{"line":51,"column":28},"end":{"line":51,"column":56}}]},"9":{"type":"branch","line":51,"loc":{"start":{"line":51,"column":48},"end":{"line":51,"column":73}},"locations":[{"start":{"line":51,"column":48},"end":{"line":51,"column":73}}]},"10":{"type":"branch","line":56,"loc":{"start":{"line":56,"column":44},"end":{"line":60,"column":1}},"locations":[{"start":{"line":56,"column":44},"end":{"line":60,"column":1}}]},"11":{"type":"branch","line":61,"loc":{"start":{"line":61,"column":28},"end":{"line":62,"column":65}},"locations":[{"start":{"line":61,"column":28},"end":{"line":62,"column":65}}]},"12":{"type":"branch","line":65,"loc":{"start":{"line":65,"column":29},"end":{"line":65,"column":71}},"locations":[{"start":{"line":65,"column":29},"end":{"line":65,"column":71}}]},"13":{"type":"branch","line":66,"loc":{"start":{"line":66,"column":29},"end":{"line":66,"column":56}},"locations":[{"start":{"line":66,"column":29},"end":{"line":66,"column":56}}]},"14":{"type":"branch","line":69,"loc":{"start":{"line":69,"column":41},"end":{"line":71,"column":1}},"locations":[{"start":{"line":69,"column":41},"end":{"line":71,"column":1}}]},"15":{"type":"branch","line":86,"loc":{"start":{"line":86,"column":0},"end":{"line":88,"column":1}},"locations":[{"start":{"line":86,"column":0},"end":{"line":88,"column":1}}]},"16":{"type":"branch","line":98,"loc":{"start":{"line":98,"column":26},"end":{"line":98,"column":56}},"locations":[{"start":{"line":98,"column":26},"end":{"line":98,"column":56}}]},"17":{"type":"branch","line":105,"loc":{"start":{"line":105,"column":27},"end":{"line":105,"column":54}},"locations":[{"start":{"line":105,"column":27},"end":{"line":105,"column":54}}]},"18":{"type":"branch","line":115,"loc":{"start":{"line":115,"column":40},"end":{"line":115,"column":52}},"locations":[{"start":{"line":115,"column":40},"end":{"line":115,"column":52}}]},"19":{"type":"branch","line":118,"loc":{"start":{"line":118,"column":36},"end":{"line":118,"column":43}},"locations":[{"start":{"line":118,"column":36},"end":{"line":118,"column":43}}]},"20":{"type":"branch","line":121,"loc":{"start":{"line":121,"column":19},"end":{"line":121,"column":111}},"locations":[{"start":{"line":121,"column":19},"end":{"line":121,"column":111}}]},"21":{"type":"branch","line":123,"loc":{"start":{"line":123,"column":24},"end":{"line":126,"column":71}},"locations":[{"start":{"line":123,"column":24},"end":{"line":126,"column":71}}]},"22":{"type":"branch","line":141,"loc":{"start":{"line":141,"column":31},"end":{"line":141,"column":68}},"locations":[{"start":{"line":141,"column":31},"end":{"line":141,"column":68}}]},"23":{"type":"branch","line":149,"loc":{"start":{"line":149,"column":53},"end":{"line":158,"column":29}},"locations":[{"start":{"line":149,"column":53},"end":{"line":158,"column":29}}]},"24":{"type":"branch","line":158,"loc":{"start":{"line":158,"column":20},"end":{"line":158,"column":29}},"locations":[{"start":{"line":158,"column":20},"end":{"line":158,"column":29}}]},"25":{"type":"branch","line":98,"loc":{"start":{"line":98,"column":26},"end":{"line":98,"column":56}},"locations":[{"start":{"line":98,"column":26},"end":{"line":98,"column":56}}]},"26":{"type":"branch","line":105,"loc":{"start":{"line":105,"column":27},"end":{"line":105,"column":54}},"locations":[{"start":{"line":105,"column":27},"end":{"line":105,"column":54}}]}},"b":{"0":[6],"1":[5],"2":[8],"3":[0],"4":[40],"5":[32],"6":[0],"7":[48],"8":[41],"9":[7],"10":[8],"11":[6],"12":[5],"13":[5],"14":[3],"15":[1],"16":[7],"17":[7],"18":[7],"19":[7],"20":[1],"21":[1],"22":[5],"23":[6],"24":[2],"25":[2],"26":[1]},"fnMap":{"0":{"name":"nextPage","decl":{"start":{"line":73,"column":0},"end":{"line":77,"column":1}},"loc":{"start":{"line":73,"column":0},"end":{"line":77,"column":1}},"line":73},"1":{"name":"prevPage","decl":{"start":{"line":79,"column":0},"end":{"line":83,"column":1}},"loc":{"start":{"line":79,"column":0},"end":{"line":83,"column":1}},"line":79},"2":{"name":"retry","decl":{"start":{"line":86,"column":0},"end":{"line":88,"column":1}},"loc":{"start":{"line":86,"column":0},"end":{"line":88,"column":1}},"line":86},"3":{"name":"__vite_ssr_import_7__.createElementBlock.__vite_ssr_import_7__.createElementVNode.__vite_ssr_import_7__.createElementVNode.__vite_ssr_import_7__.withDirectives.__vite_ssr_import_7__.createElementVNode.onUpdate:modelValue._cache.<computed>._cache.<computed>","decl":{"start":{"line":98,"column":26},"end":{"line":98,"column":56}},"loc":{"start":{"line":98,"column":26},"end":{"line":98,"column":56}},"line":98},"4":{"name":"__vite_ssr_import_7__.createElementBlock.__vite_ssr_import_7__.createElementVNode.__vite_ssr_import_7__.createElementVNode.__vite_ssr_import_7__.withDirectives.__vite_ssr_import_7__.createElementVNode.onUpdate:modelValue._cache.<computed>._cache.<computed>","decl":{"start":{"line":105,"column":27},"end":{"line":105,"column":54}},"loc":{"start":{"line":105,"column":27},"end":{"line":105,"column":54}},"line":105},"5":{"name":"__vite_ssr_import_7__.createElementBlock.__vite_ssr_import_7__.createElementVNode.__vite_ssr_import_7__.createVNode.onUpdate:category._cache.<computed>._cache.<computed>","decl":{"start":{"line":115,"column":40},"end":{"line":115,"column":52}},"loc":{"start":{"line":115,"column":40},"end":{"line":115,"column":52}},"line":115},"6":{"name":"__vite_ssr_import_7__.createElementBlock.__vite_ssr_import_7__.createElementVNode.__vite_ssr_import_7__.createVNode.onUpdate:tab._cache.<computed>._cache.<computed>","decl":{"start":{"line":118,"column":36},"end":{"line":118,"column":43}},"loc":{"start":{"line":118,"column":36},"end":{"line":118,"column":43}},"line":118},"7":{"name":"__vite_ssr_import_7__.createElementBlock.$setup.isLoading.__vite_ssr_import_7__.createElementBlock.__vite_ssr_import_7__.createElementVNode.__vite_ssr_import_7__.createElementVNode.__vite_ssr_import_7__.withDirectives.__vite_ssr_import_7__.createElementVNode.onUpdate:modelValue._cache.<computed>._cache.<computed>","decl":{"start":{"line":141,"column":31},"end":{"line":141,"column":68}},"loc":{"start":{"line":141,"column":31},"end":{"line":141,"column":68}},"line":141}},"f":{"0":0,"1":0,"2":1,"3":2,"4":1,"5":0,"6":0,"7":0}}
,"D:\\Coding Hub\\CODEV ASSESMENT\\product-gallery\\src\\components\\ProductGrid.vue": {"path":"D:\\Coding Hub\\CODEV ASSESMENT\\product-gallery\\src\\components\\ProductGrid.vue","all":false,"statementMap":{"0":{"start":{"line":1,"column":0},"end":{"line":1,"column":24}},"2":{"start":{"line":3,"column":0},"end":{"line":3,"column":57}},"8":{"start":{"line":9,"column":0},"end":{"line":9,"column":54}},"11":{"start":{"line":12,"column":0},"end":{"line":12,"column":113}},"12":{"start":{"line":13,"column":0},"end":{"line":13,"column":57}},"13":{"start":{"line":14,"column":0},"end":{"line":14,"column":148}},"14":{"start":{"line":15,"column":0},"end":{"line":15,"column":58}},"15":{"start":{"line":16,"column":0},"end":{"line":16,"column":43}},"16":{"start":{"line":17,"column":0},"end":{"line":17,"column":82}},"17":{"start":{"line":18,"column":0},"end":{"line":18,"column":42}},"18":{"start":{"line":19,"column":0},"end":{"line":19,"column":25}},"19":{"start":{"line":20,"column":0},"end":{"line":20,"column":84}},"20":{"start":{"line":21,"column":0},"end":{"line":21,"column":59}},"21":{"start":{"line":22,"column":0},"end":{"line":22,"column":38}},"22":{"start":{"line":23,"column":0},"end":{"line":23,"column":68}},"23":{"start":{"line":24,"column":0},"end":{"line":24,"column":26}},"24":{"start":{"line":25,"column":0},"end":{"line":25,"column":22}},"25":{"start":{"line":26,"column":0},"end":{"line":26,"column":62}},"26":{"start":{"line":27,"column":0},"end":{"line":27,"column":116}},"27":{"start":{"line":28,"column":0},"end":{"line":28,"column":83}},"28":{"start":{"line":29,"column":0},"end":{"line":29,"column":110}},"29":{"start":{"line":30,"column":0},"end":{"line":30,"column":89}},"30":{"start":{"line":31,"column":0},"end":{"line":31,"column":86}},"31":{"start":{"line":32,"column":0},"end":{"line":32,"column":78}},"35":{"start":{"line":36,"column":0},"end":{"line":36,"column":46}},"36":{"start":{"line":37,"column":0},"end":{"line":37,"column":26}},"37":{"start":{"line":38,"column":0},"end":{"line":38,"column":66}},"38":{"start":{"line":39,"column":0},"end":{"line":39,"column":115}},"39":{"start":{"line":40,"column":0},"end":{"line":40,"column":46}},"40":{"start":{"line":41,"column":0},"end":{"line":41,"column":142}},"44":{"start":{"line":45,"column":0},"end":{"line":45,"column":46}},"45":{"start":{"line":46,"column":0},"end":{"line":46,"column":26}},"46":{"start":{"line":47,"column":0},"end":{"line":47,"column":25}},"47":{"start":{"line":48,"column":0},"end":{"line":48,"column":18}},"48":{"start":{"line":49,"column":0},"end":{"line":49,"column":41}},"49":{"start":{"line":50,"column":0},"end":{"line":50,"column":111}},"51":{"start":{"line":52,"column":0},"end":{"line":52,"column":23}},"52":{"start":{"line":53,"column":0},"end":{"line":53,"column":18}},"53":{"start":{"line":54,"column":0},"end":{"line":54,"column":13}},"54":{"start":{"line":55,"column":0},"end":{"line":55,"column":9}}},"s":{"0":1,"2":1,"8":1,"11":1,"12":1,"13":1,"14":1,"15":1,"16":1,"17":1,"18":1,"19":1,"20":1,"21":5,"22":1,"23":1,"24":1,"25":1,"26":1,"27":1,"28":1,"29":1,"30":0,"31":0,"35":0,"36":1,"37":1,"38":1,"39":1,"40":1,"44":1,"45":1,"46":1,"47":1,"48":1,"49":7,"51":7,"52":1,"53":1,"54":1},"branchMap":{"0":{"type":"branch","line":21,"loc":{"start":{"line":21,"column":49},"end":{"line":22,"column":38}},"locations":[{"start":{"line":21,"column":49},"end":{"line":22,"column":38}}]},"1":{"type":"branch","line":27,"loc":{"start":{"line":27,"column":54},"end":{"line":27,"column":86}},"locations":[{"start":{"line":27,"column":54},"end":{"line":27,"column":86}}]},"2":{"type":"branch","line":30,"loc":{"start":{"line":30,"column":52},"end":{"line":36,"column":46}},"locations":[{"start":{"line":30,"column":52},"end":{"line":36,"column":46}}]},"3":{"type":"branch","line":49,"loc":{"start":{"line":49,"column":32},"end":{"line":52,"column":23}},"locations":[{"start":{"line":49,"column":32},"end":{"line":52,"column":23}}]},"4":{"type":"branch","line":52,"loc":{"start":{"line":52,"column":16},"end":{"line":52,"column":23}},"locations":[{"start":{"line":52,"column":16},"end":{"line":52,"column":23}}]},"5":{"type":"branch","line":28,"loc":{"start":{"line":28,"column":26},"end":{"line":28,"column":83}},"locations":[{"start":{"line":28,"column":26},"end":{"line":28,"column":83}}]}},"b":{"0":[5],"1":[0],"2":[0],"3":[7],"4":[19],"5":[1]},"fnMap":{"0":{"name":"onClick","decl":{"start":{"line":28,"column":26},"end":{"line":28,"column":83}},"loc":{"start":{"line":28,"column":26},"end":{"line":28,"column":83}},"line":28}},"f":{"0":1}}
,"D:\\Coding Hub\\CODEV ASSESMENT\\product-gallery\\src\\components\\ProductTable.vue": {"path":"D:\\Coding Hub\\CODEV ASSESMENT\\product-gallery\\src\\components\\ProductTable.vue","all":false,"statementMap":{"0":{"start":{"line":1,"column":0},"end":{"line":1,"column":24}},"2":{"start":{"line":3,"column":0},"end":{"line":3,"column":57}},"8":{"start":{"line":9,"column":0},"end":{"line":9,"column":54}},"13":{"start":{"line":14,"column":0},"end":{"line":14,"column":91}},"14":{"start":{"line":15,"column":0},"end":{"line":15,"column":34}},"15":{"start":{"line":16,"column":0},"end":{"line":16,"column":16}},"16":{"start":{"line":17,"column":0},"end":{"line":17,"column":96}},"17":{"start":{"line":18,"column":0},"end":{"line":18,"column":97}},"18":{"start":{"line":19,"column":0},"end":{"line":19,"column":94}},"19":{"start":{"line":20,"column":0},"end":{"line":20,"column":96}},"20":{"start":{"line":21,"column":0},"end":{"line":21,"column":99}},"21":{"start":{"line":22,"column":0},"end":{"line":22,"column":17}},"22":{"start":{"line":23,"column":0},"end":{"line":23,"column":16}},"23":{"start":{"line":24,"column":0},"end":{"line":24,"column":48}},"24":{"start":{"line":25,"column":0},"end":{"line":25,"column":98}},"25":{"start":{"line":26,"column":0},"end":{"line":26,"column":38}},"26":{"start":{"line":27,"column":0},"end":{"line":27,"column":85}},"27":{"start":{"line":28,"column":0},"end":{"line":28,"column":21}},"28":{"start":{"line":29,"column":0},"end":{"line":29,"column":60}},"29":{"start":{"line":30,"column":0},"end":{"line":30,"column":42}},"30":{"start":{"line":31,"column":0},"end":{"line":31,"column":21}},"31":{"start":{"line":32,"column":0},"end":{"line":32,"column":72}},"32":{"start":{"line":33,"column":0},"end":{"line":33,"column":51}},"33":{"start":{"line":34,"column":0},"end":{"line":34,"column":21}},"34":{"start":{"line":35,"column":0},"end":{"line":35,"column":50}},"35":{"start":{"line":36,"column":0},"end":{"line":36,"column":49}},"36":{"start":{"line":37,"column":0},"end":{"line":37,"column":113}},"38":{"start":{"line":39,"column":0},"end":{"line":39,"column":27}},"39":{"start":{"line":40,"column":0},"end":{"line":40,"column":32}},"40":{"start":{"line":41,"column":0},"end":{"line":41,"column":117}},"42":{"start":{"line":43,"column":0},"end":{"line":43,"column":27}},"43":{"start":{"line":44,"column":0},"end":{"line":44,"column":21}},"44":{"start":{"line":45,"column":0},"end":{"line":45,"column":50}},"45":{"start":{"line":46,"column":0},"end":{"line":46,"column":66}},"46":{"start":{"line":47,"column":0},"end":{"line":47,"column":120}},"47":{"start":{"line":48,"column":0},"end":{"line":48,"column":87}},"48":{"start":{"line":49,"column":0},"end":{"line":49,"column":102}},"49":{"start":{"line":50,"column":0},"end":{"line":50,"column":93}},"50":{"start":{"line":51,"column":0},"end":{"line":51,"column":90}},"51":{"start":{"line":52,"column":0},"end":{"line":52,"column":82}},"55":{"start":{"line":56,"column":0},"end":{"line":56,"column":46}},"56":{"start":{"line":57,"column":0},"end":{"line":57,"column":30}},"57":{"start":{"line":58,"column":0},"end":{"line":58,"column":70}},"58":{"start":{"line":59,"column":0},"end":{"line":59,"column":119}},"59":{"start":{"line":60,"column":0},"end":{"line":60,"column":50}},"60":{"start":{"line":61,"column":0},"end":{"line":61,"column":146}},"64":{"start":{"line":65,"column":0},"end":{"line":65,"column":46}},"65":{"start":{"line":66,"column":0},"end":{"line":66,"column":30}},"66":{"start":{"line":67,"column":0},"end":{"line":67,"column":29}},"67":{"start":{"line":68,"column":0},"end":{"line":68,"column":21}},"68":{"start":{"line":69,"column":0},"end":{"line":69,"column":17}},"69":{"start":{"line":70,"column":0},"end":{"line":70,"column":16}},"70":{"start":{"line":71,"column":0},"end":{"line":71,"column":12}}},"s":{"0":1,"2":1,"8":1,"13":1,"14":1,"15":1,"16":1,"17":1,"18":1,"19":1,"20":1,"21":1,"22":1,"23":1,"24":1,"25":1,"26":1,"27":1,"28":1,"29":1,"30":1,"31":1,"32":1,"33":1,"34":1,"35":1,"36":1,"38":1,"39":1,"40":1,"42":1,"43":1,"44":1,"45":1,"46":1,"47":1,"48":1,"49":1,"50":1,"51":1,"55":1,"56":1,"57":1,"58":1,"59":1,"60":1,"64":1,"65":1,"66":1,"67":1,"68":1,"69":1,"70":1},"branchMap":{},"b":{},"fnMap":{},"f":{}}
,"D:\\Coding Hub\\CODEV ASSESMENT\\product-gallery\\src\\components\\RenderTab.vue": {"path":"D:\\Coding Hub\\CODEV ASSESMENT\\product-gallery\\src\\components\\RenderTab.vue","all":false,"statementMap":{"0":{"start":{"line":1,"column":0},"end":{"line":1,"column":24}},"1":{"start":{"line":2,"column":0},"end":{"line":2,"column":39}},"5":{"start":{"line":6,"column":0},"end":{"line":6,"column":34}},"6":{"start":{"line":7,"column":0},"end":{"line":7,"column":98}},"7":{"start":{"line":8,"column":0},"end":{"line":8,"column":51}},"28":{"start":{"line":29,"column":0},"end":{"line":29,"column":21}},"30":{"start":{"line":31,"column":0},"end":{"line":31,"column":52}},"36":{"start":{"line":37,"column":0},"end":{"line":37,"column":95}},"37":{"start":{"line":38,"column":0},"end":{"line":38,"column":55}},"38":{"start":{"line":39,"column":0},"end":{"line":39,"column":25}},"39":{"start":{"line":40,"column":0},"end":{"line":40,"column":380}},"40":{"start":{"line":41,"column":0},"end":{"line":41,"column":112}},"41":{"start":{"line":42,"column":0},"end":{"line":42,"column":22}},"42":{"start":{"line":43,"column":0},"end":{"line":43,"column":21}},"43":{"start":{"line":44,"column":0},"end":{"line":44,"column":14}},"44":{"start":{"line":45,"column":0},"end":{"line":45,"column":10}}},"s":{"0":1,"1":1,"5":1,"6":1,"7":1,"28":1,"30":1,"36":1,"37":1,"38":1,"39":1,"40":1,"41":1,"42":1,"43":1,"44":1},"branchMap":{},"b":{},"fnMap":{},"f":{}}
,"D:\\Coding Hub\\CODEV ASSESMENT\\product-gallery\\src\\composables\\useFavorite.ts": {"path":"D:\\Coding Hub\\CODEV ASSESMENT\\product-gallery\\src\\composables\\useFavorite.ts","all":true,"statementMap":{"0":{"start":{"line":1,"column":0},"end":{"line":1,"column":37}},"1":{"start":{"line":2,"column":0},"end":{"line":2,"column":38}},"2":{"start":{"line":3,"column":0},"end":{"line":3,"column":0}},"3":{"start":{"line":4,"column":0},"end":{"line":4,"column":42}},"4":{"start":{"line":5,"column":0},"end":{"line":5,"column":0}},"5":{"start":{"line":6,"column":0},"end":{"line":6,"column":46}},"6":{"start":{"line":7,"column":0},"end":{"line":7,"column":0}},"7":{"start":{"line":8,"column":0},"end":{"line":8,"column":32}},"8":{"start":{"line":9,"column":0},"end":{"line":9,"column":30}},"9":{"start":{"line":10,"column":0},"end":{"line":10,"column":13}},"10":{"start":{"line":11,"column":0},"end":{"line":11,"column":61}},"11":{"start":{"line":12,"column":0},"end":{"line":12,"column":23}},"12":{"start":{"line":13,"column":0},"end":{"line":13,"column":55}},"13":{"start":{"line":14,"column":0},"end":{"line":14,"column":47}},"14":{"start":{"line":15,"column":0},"end":{"line":15,"column":13}},"15":{"start":{"line":16,"column":0},"end":{"line":16,"column":25}},"16":{"start":{"line":17,"column":0},"end":{"line":17,"column":56}},"17":{"start":{"line":18,"column":0},"end":{"line":18,"column":9}},"18":{"start":{"line":19,"column":0},"end":{"line":19,"column":5}},"19":{"start":{"line":20,"column":0},"end":{"line":20,"column":0}},"20":{"start":{"line":21,"column":0},"end":{"line":21,"column":33}},"21":{"start":{"line":22,"column":0},"end":{"line":22,"column":13}},"22":{"start":{"line":23,"column":0},"end":{"line":23,"column":93}},"23":{"start":{"line":24,"column":0},"end":{"line":24,"column":25}},"24":{"start":{"line":25,"column":0},"end":{"line":25,"column":62}},"25":{"start":{"line":26,"column":0},"end":{"line":26,"column":9}},"26":{"start":{"line":27,"column":0},"end":{"line":27,"column":5}},"27":{"start":{"line":28,"column":0},"end":{"line":28,"column":0}},"28":{"start":{"line":29,"column":0},"end":{"line":29,"column":46}},"29":{"start":{"line":30,"column":0},"end":{"line":30,"column":39}},"30":{"start":{"line":31,"column":0},"end":{"line":31,"column":5}},"31":{"start":{"line":32,"column":0},"end":{"line":32,"column":0}},"32":{"start":{"line":33,"column":0},"end":{"line":33,"column":52}},"33":{"start":{"line":34,"column":0},"end":{"line":34,"column":32}},"34":{"start":{"line":35,"column":0},"end":{"line":35,"column":51}},"35":{"start":{"line":36,"column":0},"end":{"line":36,"column":27}},"36":{"start":{"line":37,"column":0},"end":{"line":37,"column":46}},"37":{"start":{"line":38,"column":0},"end":{"line":38,"column":28}},"38":{"start":{"line":39,"column":0},"end":{"line":39,"column":30}},"39":{"start":{"line":40,"column":0},"end":{"line":40,"column":42}},"40":{"start":{"line":41,"column":0},"end":{"line":41,"column":26}},"41":{"start":{"line":42,"column":0},"end":{"line":42,"column":10}},"42":{"start":{"line":43,"column":0},"end":{"line":43,"column":5}},"43":{"start":{"line":44,"column":0},"end":{"line":44,"column":0}},"44":{"start":{"line":45,"column":0},"end":{"line":45,"column":55}},"45":{"start":{"line":46,"column":0},"end":{"line":46,"column":35}},"46":{"start":{"line":47,"column":0},"end":{"line":47,"column":51}},"47":{"start":{"line":48,"column":0},"end":{"line":48,"column":27}},"48":{"start":{"line":49,"column":0},"end":{"line":49,"column":50}},"49":{"start":{"line":50,"column":0},"end":{"line":50,"column":28}},"50":{"start":{"line":51,"column":0},"end":{"line":51,"column":30}},"51":{"start":{"line":52,"column":0},"end":{"line":52,"column":42}},"52":{"start":{"line":53,"column":0},"end":{"line":53,"column":26}},"53":{"start":{"line":54,"column":0},"end":{"line":54,"column":10}},"54":{"start":{"line":55,"column":0},"end":{"line":55,"column":5}},"55":{"start":{"line":56,"column":0},"end":{"line":56,"column":0}},"56":{"start":{"line":57,"column":0},"end":{"line":57,"column":73}},"57":{"start":{"line":58,"column":0},"end":{"line":58,"column":38}},"58":{"start":{"line":59,"column":0},"end":{"line":59,"column":37}},"59":{"start":{"line":60,"column":0},"end":{"line":60,"column":16}},"60":{"start":{"line":61,"column":0},"end":{"line":61,"column":34}},"61":{"start":{"line":62,"column":0},"end":{"line":62,"column":9}},"62":{"start":{"line":63,"column":0},"end":{"line":63,"column":5}},"63":{"start":{"line":64,"column":0},"end":{"line":64,"column":0}},"64":{"start":{"line":65,"column":0},"end":{"line":65,"column":0}},"65":{"start":{"line":66,"column":0},"end":{"line":66,"column":37}},"66":{"start":{"line":67,"column":0},"end":{"line":67,"column":24}},"67":{"start":{"line":68,"column":0},"end":{"line":68,"column":5}},"68":{"start":{"line":69,"column":0},"end":{"line":69,"column":0}},"69":{"start":{"line":70,"column":0},"end":{"line":70,"column":12}},"70":{"start":{"line":71,"column":0},"end":{"line":71,"column":19}},"71":{"start":{"line":72,"column":0},"end":{"line":72,"column":23}},"72":{"start":{"line":73,"column":0},"end":{"line":73,"column":6}},"73":{"start":{"line":74,"column":0},"end":{"line":74,"column":1}}},"s":{"0":0,"1":0,"2":0,"3":0,"4":0,"5":0,"6":0,"7":0,"8":0,"9":0,"10":0,"11":0,"12":0,"13":0,"14":0,"15":0,"16":0,"17":0,"18":0,"19":0,"20":0,"21":0,"22":0,"23":0,"24":0,"25":0,"26":0,"27":0,"28":0,"29":0,"30":0,"31":0,"32":0,"33":0,"34":0,"35":0,"36":0,"37":0,"38":0,"39":0,"40":0,"41":0,"42":0,"43":0,"44":0,"45":0,"46":0,"47":0,"48":0,"49":0,"50":0,"51":0,"52":0,"53":0,"54":0,"55":0,"56":0,"57":0,"58":0,"59":0,"60":0,"61":0,"62":0,"63":0,"64":0,"65":0,"66":0,"67":0,"68":0,"69":0,"70":0,"71":0,"72":0,"73":0},"branchMap":{"0":{"type":"branch","line":1,"loc":{"start":{"line":1,"column":0},"end":{"line":74,"column":1}},"locations":[{"start":{"line":1,"column":0},"end":{"line":74,"column":1}}]}},"b":{"0":[0]},"fnMap":{"0":{"name":"(empty-report)","decl":{"start":{"line":1,"column":0},"end":{"line":74,"column":1}},"loc":{"start":{"line":1,"column":0},"end":{"line":74,"column":1}},"line":1}},"f":{"0":0}}
,"D:\\Coding Hub\\CODEV ASSESMENT\\product-gallery\\src\\composables\\useProduct.ts": {"path":"D:\\Coding Hub\\CODEV ASSESMENT\\product-gallery\\src\\composables\\useProduct.ts","all":true,"statementMap":{"0":{"start":{"line":1,"column":0},"end":{"line":1,"column":26}},"1":{"start":{"line":2,"column":0},"end":{"line":2,"column":57}},"2":{"start":{"line":3,"column":0},"end":{"line":3,"column":0}},"3":{"start":{"line":4,"column":0},"end":{"line":4,"column":38}},"4":{"start":{"line":5,"column":0},"end":{"line":5,"column":24}},"5":{"start":{"line":6,"column":0},"end":{"line":6,"column":25}},"6":{"start":{"line":7,"column":0},"end":{"line":7,"column":9}},"7":{"start":{"line":8,"column":0},"end":{"line":8,"column":61}},"8":{"start":{"line":9,"column":0},"end":{"line":9,"column":0}},"9":{"start":{"line":10,"column":0},"end":{"line":10,"column":45}},"10":{"start":{"line":11,"column":0},"end":{"line":11,"column":40}},"11":{"start":{"line":12,"column":0},"end":{"line":12,"column":43}},"12":{"start":{"line":13,"column":0},"end":{"line":13,"column":0}},"13":{"start":{"line":14,"column":0},"end":{"line":14,"column":33}},"14":{"start":{"line":15,"column":0},"end":{"line":15,"column":13}},"15":{"start":{"line":16,"column":0},"end":{"line":16,"column":33}},"16":{"start":{"line":17,"column":0},"end":{"line":17,"column":31}},"17":{"start":{"line":18,"column":0},"end":{"line":18,"column":0}},"18":{"start":{"line":19,"column":0},"end":{"line":19,"column":50}},"19":{"start":{"line":20,"column":0},"end":{"line":20,"column":33}},"20":{"start":{"line":21,"column":0},"end":{"line":21,"column":15}},"21":{"start":{"line":22,"column":0},"end":{"line":22,"column":0}},"22":{"start":{"line":23,"column":0},"end":{"line":23,"column":34}},"23":{"start":{"line":24,"column":0},"end":{"line":24,"column":23}},"24":{"start":{"line":25,"column":0},"end":{"line":25,"column":32}},"25":{"start":{"line":26,"column":0},"end":{"line":26,"column":73}},"26":{"start":{"line":27,"column":0},"end":{"line":27,"column":39}},"27":{"start":{"line":28,"column":0},"end":{"line":28,"column":30}},"28":{"start":{"line":29,"column":0},"end":{"line":29,"column":19}},"29":{"start":{"line":30,"column":0},"end":{"line":30,"column":34}},"30":{"start":{"line":31,"column":0},"end":{"line":31,"column":9}},"31":{"start":{"line":32,"column":0},"end":{"line":32,"column":6}},"32":{"start":{"line":33,"column":0},"end":{"line":33,"column":0}},"33":{"start":{"line":34,"column":0},"end":{"line":34,"column":28}},"34":{"start":{"line":35,"column":0},"end":{"line":35,"column":0}},"35":{"start":{"line":36,"column":0},"end":{"line":36,"column":25}},"36":{"start":{"line":37,"column":0},"end":{"line":37,"column":26}},"37":{"start":{"line":38,"column":0},"end":{"line":38,"column":27}},"38":{"start":{"line":39,"column":0},"end":{"line":39,"column":30}},"39":{"start":{"line":40,"column":0},"end":{"line":40,"column":6}},"40":{"start":{"line":41,"column":0},"end":{"line":41,"column":0}},"41":{"start":{"line":42,"column":0},"end":{"line":42,"column":20}},"42":{"start":{"line":43,"column":0},"end":{"line":43,"column":18}},"43":{"start":{"line":44,"column":0},"end":{"line":44,"column":5}},"44":{"start":{"line":45,"column":0},"end":{"line":45,"column":0}},"45":{"start":{"line":46,"column":0},"end":{"line":46,"column":12}},"46":{"start":{"line":47,"column":0},"end":{"line":47,"column":13}},"47":{"start":{"line":48,"column":0},"end":{"line":48,"column":16}},"48":{"start":{"line":49,"column":0},"end":{"line":49,"column":14}},"49":{"start":{"line":50,"column":0},"end":{"line":50,"column":16}},"50":{"start":{"line":51,"column":0},"end":{"line":51,"column":16}},"51":{"start":{"line":52,"column":0},"end":{"line":52,"column":14}},"52":{"start":{"line":53,"column":0},"end":{"line":53,"column":6}},"53":{"start":{"line":54,"column":0},"end":{"line":54,"column":1}}},"s":{"0":0,"1":0,"2":0,"3":0,"4":0,"5":0,"6":0,"7":0,"8":0,"9":0,"10":0,"11":0,"12":0,"13":0,"14":0,"15":0,"16":0,"17":0,"18":0,"19":0,"20":0,"21":0,"22":0,"23":0,"24":0,"25":0,"26":0,"27":0,"28":0,"29":0,"30":0,"31":0,"32":0,"33":0,"34":0,"35":0,"36":0,"37":0,"38":0,"39":0,"40":0,"41":0,"42":0,"43":0,"44":0,"45":0,"46":0,"47":0,"48":0,"49":0,"50":0,"51":0,"52":0,"53":0},"branchMap":{"0":{"type":"branch","line":1,"loc":{"start":{"line":1,"column":0},"end":{"line":54,"column":1}},"locations":[{"start":{"line":1,"column":0},"end":{"line":54,"column":1}}]}},"b":{"0":[0]},"fnMap":{"0":{"name":"(empty-report)","decl":{"start":{"line":1,"column":0},"end":{"line":54,"column":1}},"loc":{"start":{"line":1,"column":0},"end":{"line":54,"column":1}},"line":1}},"f":{"0":0}}
}
